[2025-10-12 12:16:56,842]^;INFO^;224^;_internal.py^;_log()^;[31m[1mWARNING: This is a development server. Do not use it in a production deployment. Use a production WSGI server instead.[0m
 * Running on http://127.0.0.1:5000
[2025-10-12 12:16:56,842]^;INFO^;224^;_internal.py^;_log()^;[33mPress CTRL+C to quit[0m
[2025-10-12 12:17:19,043]^;INFO^;163^;configuration.py^;get_training_pipeline_config()^;Training Pipeline Config TrainingPipelineConfig(artifact_dir='C:\\Users\\T8674\\Desktop\\NASA-turbofan-ML-Project-AIOPS\\Turbofan\\artifact')
[2025-10-12 12:17:19,044]^;INFO^;245^;pipeline.py^;__init__()^;Initializing pipeline
[2025-10-12 12:17:19,044]^;INFO^;317^;pipeline.py^;run_pipeline()^;Pipeline starting.
[2025-10-12 12:17:19,044]^;INFO^;333^;pipeline.py^;run_pipeline()^;Pipeline experiment: Experiment(experiment_id='0f68548f-d79f-44d1-823c-33436b2908a2', initialization_timestamp='2025-10-12-12-17-19', artifact_time_stamp='2025-10-12-12-17-19', running_status=True, start_time=datetime.datetime(2025, 10, 12, 12, 17, 19, 44450), stop_time=None, execution_time=None, message='Pipeline has been started.', experiment_file_path='C:\\Users\\T8674\\Desktop\\NASA-turbofan-ML-Project-AIOPS\\Turbofan\\artifact\\experiment\\experiment.csv', accuracy=None, is_model_accepted=None)
[2025-10-12 12:17:19,059]^;INFO^;46^;configuration.py^;get_data_ingestion_config()^;data_ingestion_configDataIngestionConfig(download_url_train='https://raw.githubusercontent.com/Vinayakmane47/NASA-turbofan-ML-Project/main/Proccessed_data/train_FD001.csv', download_url_test='https://raw.githubusercontent.com/Vinayakmane47/NASA-turbofan-ML-Project/main/Proccessed_data/test_FD001.csv', ingested_train_dir='C:\\Users\\T8674\\Desktop\\NASA-turbofan-ML-Project-AIOPS\\Turbofan\\artifact\\data_ingestion\\2025-10-12-12-17-19\\ingested_data\\train', ingested_test_dir='C:\\Users\\T8674\\Desktop\\NASA-turbofan-ML-Project-AIOPS\\Turbofan\\artifact\\data_ingestion\\2025-10-12-12-17-19\\ingested_data\\test')
[2025-10-12 12:17:19,059]^;INFO^;15^;data_ingestion.py^;__init__()^;========================================Data Ingestion started========================================
[2025-10-12 12:17:19,059]^;INFO^;23^;data_ingestion.py^;download_turbofan_data()^;Downloading Turbofan Dataset 
[2025-10-12 12:17:19,077]^;INFO^;224^;_internal.py^;_log()^;127.0.0.1 - - [12/Oct/2025 12:17:19] "GET /train HTTP/1.1" 200 -
[2025-10-12 12:17:21,388]^;INFO^;45^;data_ingestion.py^;download_turbofan_data()^;Data Ingestion artifact info DataIngestionArtifact(train_file_path='C:\\Users\\T8674\\Desktop\\NASA-turbofan-ML-Project-AIOPS\\Turbofan\\artifact\\data_ingestion\\2025-10-12-12-17-19\\ingested_data\\train\\train_FD001.csv', test_file_path='C:\\Users\\T8674\\Desktop\\NASA-turbofan-ML-Project-AIOPS\\Turbofan\\artifact\\data_ingestion\\2025-10-12-12-17-19\\ingested_data\\test\\test_FD001.csv', is_ingested=True, message='Data Ingestion Succesfull Completed')
[2025-10-12 12:17:21,390]^;INFO^;20^;data_validation.py^;__init__()^;======================================== Data Validation Started ========================================
[2025-10-12 12:17:21,390]^;INFO^;38^;data_validation.py^;is_train_test_file_exists()^;Checking training and test file exists or not 
[2025-10-12 12:17:21,390]^;INFO^;108^;data_validation.py^;initiate_data_validation()^;Data Validation artifact DataValidationArtifact(schema_file_path='C:\\Users\\T8674\\Desktop\\NASA-turbofan-ML-Project-AIOPS\\config\\schema.yaml', report_file_path='C:\\Users\\T8674\\Desktop\\NASA-turbofan-ML-Project-AIOPS\\Turbofan\\artifact\\data_validation\\2025-10-12-12-17-19\\report.json', report_page_file_path='C:\\Users\\T8674\\Desktop\\NASA-turbofan-ML-Project-AIOPS\\Turbofan\\artifact\\data_validation\\2025-10-12-12-17-19\\report.html', is_validated=True, message='Data Validation succesfull')
[2025-10-12 12:17:21,390]^;INFO^;45^;data_transformation.py^;__init__()^;======================================== Data Transformation Started ========================================
[2025-10-12 12:17:21,390]^;INFO^;90^;data_transformation.py^;initiate_data_transformation()^;Loading dataset as train and test dataframe
[2025-10-12 12:17:21,578]^;INFO^;98^;data_transformation.py^;initiate_data_transformation()^;splitting training and test dataset into x and y features i.e. dependent and independent
[2025-10-12 12:17:21,594]^;INFO^;105^;data_transformation.py^;initiate_data_transformation()^;performing Data Transformation 
[2025-10-12 12:18:36,165]^;INFO^;71^;data_transformation.py^;get_transformation_obj()^;Getting Transformation Obj
[2025-10-12 12:18:36,205]^;INFO^;142^;data_transformation.py^;initiate_data_transformation()^;concating x and y arrays
[2025-10-12 12:18:36,205]^;INFO^;156^;data_transformation.py^;initiate_data_transformation()^;saving transformed train and test files
[2025-10-12 12:18:36,213]^;INFO^;162^;data_transformation.py^;initiate_data_transformation()^;Saving preprocessing object.
[2025-10-12 12:18:36,217]^;INFO^;172^;data_transformation.py^;initiate_data_transformation()^;Data transformationa artifact: DataTransformationArtifact(is_transformed=True, message='Data transformation successfull.', transformed_train_file_path='C:\\Users\\T8674\\Desktop\\NASA-turbofan-ML-Project-AIOPS\\Turbofan\\artifact\\data_transformation\\2025-10-12-12-17-19\\train\\train_FD001.npz', transformed_test_file_path='C:\\Users\\T8674\\Desktop\\NASA-turbofan-ML-Project-AIOPS\\Turbofan\\artifact\\data_transformation\\2025-10-12-12-17-19\\test\\test_FD001.npz', preprocessed_object_file_path='C:\\Users\\T8674\\Desktop\\NASA-turbofan-ML-Project-AIOPS\\Turbofan\\artifact\\data_transformation\\2025-10-12-12-17-19\\preprocessed\\preprocced.pkl')
[2025-10-12 12:18:36,217]^;INFO^;179^;data_transformation.py^;__del__()^;>>>>>>>>>>>>>>>>>>>>>>>>>>>>>>>>>>>>>>>>>>>>>>>>>>>>>>>>>>>>Data Transformation log completed.<<<<<<<<<<<<<<<<<<<<<<<<<<<<<<<<<<<<<<<<<<<<<<<<<<<<<<<<<<<< 


[2025-10-12 12:18:36,218]^;INFO^;38^;model_trainer.py^;__init__()^;======================================== Model Trainer Started ========================================
[2025-10-12 12:18:36,218]^;INFO^;48^;model_trainer.py^;initiate_model_trainer()^;Loading train and test dataset which are transformed previously
[2025-10-12 12:18:36,218]^;INFO^;136^;configuration.py^;get_model_evaluation_config()^;Model Evaluation Config: ModelEvaluationConfig(model_evaluation_file_path='C:\\Users\\T8674\\Desktop\\NASA-turbofan-ML-Project-AIOPS\\Turbofan\\artifact\\model_evaluation\\model_evaluation.yaml', time_stamp='2025-10-12-12-17-19').
[2025-10-12 12:18:36,218]^;INFO^;248^;model_evaluation.py^;__del__()^;==================== Model Evaluation log completed. ==================== 
