[2025-09-09 19:44:58,644]^;INFO^;97^;_internal.py^;_log()^;[31m[1mWARNING: This is a development server. Do not use it in a production deployment. Use a production WSGI server instead.[0m
 * Running on http://127.0.0.1:5000
[2025-09-09 19:44:58,644]^;INFO^;97^;_internal.py^;_log()^;[33mPress CTRL+C to quit[0m
[2025-09-09 19:45:19,435]^;INFO^;97^;_internal.py^;_log()^;127.0.0.1 - - [09/Sep/2025 19:45:19] "GET / HTTP/1.1" 200 -
[2025-09-09 19:45:28,404]^;INFO^;97^;_internal.py^;_log()^;127.0.0.1 - - [09/Sep/2025 19:45:28] "GET /predict HTTP/1.1" 200 -
[2025-09-09 19:45:54,578]^;INFO^;97^;_internal.py^;_log()^;127.0.0.1 - - [09/Sep/2025 19:45:54] "POST /predict HTTP/1.1" 200 -
[2025-09-09 19:54:43,537]^;INFO^;97^;_internal.py^;_log()^;127.0.0.1 - - [09/Sep/2025 19:54:43] "POST /predict HTTP/1.1" 200 -
[2025-09-09 20:05:41,780]^;INFO^;97^;_internal.py^;_log()^;127.0.0.1 - - [09/Sep/2025 20:05:41] "POST /predict HTTP/1.1" 200 -
[2025-09-09 20:07:29,197]^;INFO^;97^;_internal.py^;_log()^;127.0.0.1 - - [09/Sep/2025 20:07:29] "GET /saved_models HTTP/1.1" 200 -
[2025-09-09 20:07:32,093]^;INFO^;97^;_internal.py^;_log()^;127.0.0.1 - - [09/Sep/2025 20:07:32] "GET /artifact HTTP/1.1" 200 -
[2025-09-09 20:07:34,140]^;INFO^;207^;app.py^;render_log_dir()^;req_path: Turbofan_logs
[2025-09-09 20:07:34,195]^;INFO^;97^;_internal.py^;_log()^;127.0.0.1 - - [09/Sep/2025 20:07:34] "GET /logs HTTP/1.1" 200 -
[2025-09-09 20:07:36,989]^;INFO^;97^;_internal.py^;_log()^;127.0.0.1 - - [09/Sep/2025 20:07:36] "GET /update_model_config HTTP/1.1" 200 -
[2025-09-09 20:07:41,041]^;INFO^;163^;configuration.py^;get_training_pipeline_config()^;Training Pipeline Config TrainingPipelineConfig(artifact_dir='C:\\Users\\senth\\NASA-turbofan-ML-Project-AIOPS\\Turbofan\\artifact')
[2025-09-09 20:07:41,041]^;INFO^;36^;pipeline.py^;__init__()^;Initializing pipeline
[2025-09-09 20:07:41,048]^;INFO^;108^;pipeline.py^;run_pipeline()^;Pipeline starting.
[2025-09-09 20:07:41,048]^;INFO^;124^;pipeline.py^;run_pipeline()^;Pipeline experiment: Experiment(experiment_id='bfd7461e-5ec2-46bd-98e9-59a63b5868de', initialization_timestamp='2025-09-09-20-07-40', artifact_time_stamp='2025-09-09-20-07-40', running_status=True, start_time=datetime.datetime(2025, 9, 9, 20, 7, 41, 48682), stop_time=None, execution_time=None, message='Pipeline has been started.', experiment_file_path='C:\\Users\\senth\\NASA-turbofan-ML-Project-AIOPS\\Turbofan\\artifact\\experiment\\experiment.csv', accuracy=None, is_model_accepted=None)
[2025-09-09 20:07:41,074]^;INFO^;46^;configuration.py^;get_data_ingestion_config()^;data_ingestion_configDataIngestionConfig(download_url_train='https://raw.githubusercontent.com/Vinayakmane47/NASA-turbofan-ML-Project/main/Proccessed_data/train_FD001.csv', download_url_test='https://raw.githubusercontent.com/Vinayakmane47/NASA-turbofan-ML-Project/main/Proccessed_data/test_FD001.csv', ingested_train_dir='C:\\Users\\senth\\NASA-turbofan-ML-Project-AIOPS\\Turbofan\\artifact\\data_ingestion\\2025-09-09-20-07-40\\ingested_data\\train', ingested_test_dir='C:\\Users\\senth\\NASA-turbofan-ML-Project-AIOPS\\Turbofan\\artifact\\data_ingestion\\2025-09-09-20-07-40\\ingested_data\\test')
[2025-09-09 20:07:41,074]^;INFO^;15^;data_ingestion.py^;__init__()^;========================================Data Ingestion started========================================
[2025-09-09 20:07:41,074]^;INFO^;23^;data_ingestion.py^;download_turbofan_data()^;Downloading Turbofan Dataset 
[2025-09-09 20:07:41,093]^;INFO^;97^;_internal.py^;_log()^;127.0.0.1 - - [09/Sep/2025 20:07:41] "GET /train HTTP/1.1" 200 -
[2025-09-09 20:07:43,128]^;INFO^;45^;data_ingestion.py^;download_turbofan_data()^;Data Ingestion artifact info DataIngestionArtifact(train_file_path='C:\\Users\\senth\\NASA-turbofan-ML-Project-AIOPS\\Turbofan\\artifact\\data_ingestion\\2025-09-09-20-07-40\\ingested_data\\train\\train_FD001.csv', test_file_path='C:\\Users\\senth\\NASA-turbofan-ML-Project-AIOPS\\Turbofan\\artifact\\data_ingestion\\2025-09-09-20-07-40\\ingested_data\\test\\test_FD001.csv', is_ingested=True, message='Data Ingestion Succesfull Completed')
[2025-09-09 20:07:43,128]^;INFO^;20^;data_validation.py^;__init__()^;======================================== Data Validation Started ========================================
[2025-09-09 20:07:43,128]^;INFO^;38^;data_validation.py^;is_train_test_file_exists()^;Checking training and test file exists or not 
[2025-09-09 20:07:43,128]^;INFO^;108^;data_validation.py^;initiate_data_validation()^;Data Validation artifact DataValidationArtifact(schema_file_path='C:\\Users\\senth\\NASA-turbofan-ML-Project-AIOPS\\config\\schema.yaml', report_file_path='C:\\Users\\senth\\NASA-turbofan-ML-Project-AIOPS\\Turbofan\\artifact\\data_validation\\2025-09-09-20-07-40\\report.json', report_page_file_path='C:\\Users\\senth\\NASA-turbofan-ML-Project-AIOPS\\Turbofan\\artifact\\data_validation\\2025-09-09-20-07-40\\report.html', is_validated=True, message='Data Validation succesfull')
[2025-09-09 20:07:43,128]^;INFO^;45^;data_transformation.py^;__init__()^;======================================== Data Transformation Started ========================================
[2025-09-09 20:07:43,128]^;INFO^;90^;data_transformation.py^;initiate_data_transformation()^;Loading dataset as train and test dataframe
[2025-09-09 20:07:43,493]^;INFO^;98^;data_transformation.py^;initiate_data_transformation()^;splitting training and test dataset into x and y features i.e. dependent and independent
[2025-09-09 20:07:43,493]^;INFO^;105^;data_transformation.py^;initiate_data_transformation()^;performing Data Transformation 
[2025-09-09 20:07:45,093]^;INFO^;97^;_internal.py^;_log()^;127.0.0.1 - - [09/Sep/2025 20:07:45] "GET /predict HTTP/1.1" 200 -
[2025-09-09 20:10:58,834]^;INFO^;97^;_internal.py^;_log()^;127.0.0.1 - - [09/Sep/2025 20:10:58] "GET /view_experiment_hist HTTP/1.1" 200 -
[2025-09-09 20:11:07,170]^;INFO^;97^;_internal.py^;_log()^;127.0.0.1 - - [09/Sep/2025 20:11:07] "GET /predict HTTP/1.1" 200 -
[2025-09-09 20:11:20,352]^;INFO^;71^;data_transformation.py^;get_transformation_obj()^;Getting Transformation Obj
[2025-09-09 20:11:20,447]^;INFO^;142^;data_transformation.py^;initiate_data_transformation()^;concating x and y arrays
[2025-09-09 20:11:20,447]^;INFO^;156^;data_transformation.py^;initiate_data_transformation()^;saving transformed train and test files
[2025-09-09 20:11:20,504]^;INFO^;162^;data_transformation.py^;initiate_data_transformation()^;Saving preprocessing object.
[2025-09-09 20:11:20,511]^;INFO^;172^;data_transformation.py^;initiate_data_transformation()^;Data transformationa artifact: DataTransformationArtifact(is_transformed=True, message='Data transformation successfull.', transformed_train_file_path='C:\\Users\\senth\\NASA-turbofan-ML-Project-AIOPS\\Turbofan\\artifact\\data_transformation\\2025-09-09-20-07-40\\train\\train_FD001.npz', transformed_test_file_path='C:\\Users\\senth\\NASA-turbofan-ML-Project-AIOPS\\Turbofan\\artifact\\data_transformation\\2025-09-09-20-07-40\\test\\test_FD001.npz', preprocessed_object_file_path='C:\\Users\\senth\\NASA-turbofan-ML-Project-AIOPS\\Turbofan\\artifact\\data_transformation\\2025-09-09-20-07-40\\preprocessed\\preprocced.pkl')
[2025-09-09 20:11:20,511]^;INFO^;179^;data_transformation.py^;__del__()^;>>>>>>>>>>>>>>>>>>>>>>>>>>>>>>>>>>>>>>>>>>>>>>>>>>>>>>>>>>>>Data Transformation log completed.<<<<<<<<<<<<<<<<<<<<<<<<<<<<<<<<<<<<<<<<<<<<<<<<<<<<<<<<<<<< 


[2025-09-09 20:11:20,511]^;INFO^;38^;model_trainer.py^;__init__()^;======================================== Model Trainer Started ========================================
[2025-09-09 20:11:20,511]^;INFO^;48^;model_trainer.py^;initiate_model_trainer()^;Loading train and test dataset which are transformed previously
[2025-09-09 20:11:20,583]^;INFO^;56^;model_trainer.py^;initiate_model_trainer()^;Splitting train and test arrays 
[2025-09-09 20:11:20,583]^;INFO^;62^;model_trainer.py^;initiate_model_trainer()^;Extracting Model config File path 
[2025-09-09 20:11:20,583]^;INFO^;65^;model_trainer.py^;initiate_model_trainer()^;getting model factory object using model config path C:\Users\senth\NASA-turbofan-ML-Project-AIOPS\config\model.yaml
[2025-09-09 20:11:20,592]^;INFO^;70^;model_trainer.py^;initiate_model_trainer()^;Our Expected Accuracy is 0.5
[2025-09-09 20:11:20,592]^;INFO^;72^;model_trainer.py^;initiate_model_trainer()^;Getting Best Model on by doing grid search on train dataset 
[2025-09-09 20:11:20,592]^;INFO^;358^;model_factory.py^;get_best_model()^;Started Initializing model from config file
[2025-09-09 20:11:20,592]^;INFO^;203^;model_factory.py^;class_for_name()^;Executing command: from <module 'sklearn.linear_model' from 'C:\\Users\\senth\\anaconda3\\envs\\turbofan_final\\lib\\site-packages\\sklearn\\linear_model\\__init__.py'> import LinearRegression
[2025-09-09 20:11:20,596]^;INFO^;182^;model_factory.py^;update_property_of_class()^;Executing:$ LinearRegression().fit_intercept=True
[2025-09-09 20:11:20,596]^;INFO^;203^;model_factory.py^;class_for_name()^;Executing command: from <module 'sklearn.svm' from 'C:\\Users\\senth\\anaconda3\\envs\\turbofan_final\\lib\\site-packages\\sklearn\\svm\\__init__.py'> import SVR
[2025-09-09 20:11:20,596]^;INFO^;182^;model_factory.py^;update_property_of_class()^;Executing:$ SVR().kernel=linear
[2025-09-09 20:11:20,596]^;INFO^;360^;model_factory.py^;get_best_model()^;Initialized model: [InitializedModelDetail(model_serial_number='module_0', model=LinearRegression(), param_grid_search={'fit_intercept': [True, False]}, model_name='sklearn.linear_model.LinearRegression'), InitializedModelDetail(model_serial_number='module_1', model=SVR(kernel='linear'), param_grid_search={'kernel': ['linear', 'poly'], 'degree': [2, 3]}, model_name='sklearn.svm.SVR')]
[2025-09-09 20:11:20,596]^;INFO^;203^;model_factory.py^;class_for_name()^;Executing command: from <module 'sklearn.model_selection' from 'C:\\Users\\senth\\anaconda3\\envs\\turbofan_final\\lib\\site-packages\\sklearn\\model_selection\\__init__.py'> import GridSearchCV
[2025-09-09 20:11:20,608]^;INFO^;182^;model_factory.py^;update_property_of_class()^;Executing:$ GridSearchCV(estimator=LinearRegression(),
             param_grid={'fit_intercept': [True, False]}).cv=5
[2025-09-09 20:11:20,611]^;INFO^;182^;model_factory.py^;update_property_of_class()^;Executing:$ GridSearchCV(cv=5, estimator=LinearRegression(),
             param_grid={'fit_intercept': [True, False]}).verbose=2
[2025-09-09 20:11:20,611]^;INFO^;236^;model_factory.py^;execute_grid_search_operation()^;>>>>>>>>>>>>>>>>>>>>>>>>>>>>>>>>>>>>>>>>>>>>>>>>>>>>>>>>>>>> f"Training LinearRegression Started." <<<<<<<<<<<<<<<<<<<<<<<<<<<<<<<<<<<<<<<<<<<<<<<<<<<<<<<<<<<<
[2025-09-09 20:11:22,726]^;INFO^;203^;model_factory.py^;class_for_name()^;Executing command: from <module 'sklearn.model_selection' from 'C:\\Users\\senth\\anaconda3\\envs\\turbofan_final\\lib\\site-packages\\sklearn\\model_selection\\__init__.py'> import GridSearchCV
[2025-09-09 20:11:22,737]^;INFO^;182^;model_factory.py^;update_property_of_class()^;Executing:$ GridSearchCV(estimator=SVR(kernel='linear'),
             param_grid={'degree': [2, 3], 'kernel': ['linear', 'poly']}).cv=5
[2025-09-09 20:11:22,738]^;INFO^;182^;model_factory.py^;update_property_of_class()^;Executing:$ GridSearchCV(cv=5, estimator=SVR(kernel='linear'),
             param_grid={'degree': [2, 3], 'kernel': ['linear', 'poly']}).verbose=2
[2025-09-09 20:11:22,738]^;INFO^;236^;model_factory.py^;execute_grid_search_operation()^;>>>>>>>>>>>>>>>>>>>>>>>>>>>>>>>>>>>>>>>>>>>>>>>>>>>>>>>>>>>> f"Training SVR Started." <<<<<<<<<<<<<<<<<<<<<<<<<<<<<<<<<<<<<<<<<<<<<<<<<<<<<<<<<<<<
[2025-09-09 21:35:38,559]^;INFO^;345^;model_factory.py^;get_best_model_from_grid_searched_best_model_list()^;Acceptable model found:GridSearchedBestModel(model_serial_number='module_0', model=LinearRegression(), best_model=LinearRegression(), best_parameters={'fit_intercept': True}, best_score=0.7130638479174598)
[2025-09-09 21:35:38,591]^;INFO^;345^;model_factory.py^;get_best_model_from_grid_searched_best_model_list()^;Acceptable model found:GridSearchedBestModel(model_serial_number='module_1', model=SVR(kernel='linear'), best_model=SVR(degree=2, kernel='linear'), best_parameters={'degree': 2, 'kernel': 'linear'}, best_score=0.7217796201699691)
[2025-09-09 21:35:38,598]^;INFO^;351^;model_factory.py^;get_best_model_from_grid_searched_best_model_list()^;Best model: GridSearchedBestModel(model_serial_number='module_1', model=SVR(kernel='linear'), best_model=SVR(degree=2, kernel='linear'), best_parameters={'degree': 2, 'kernel': 'linear'}, best_score=0.7217796201699691)
[2025-09-09 21:35:38,598]^;INFO^;76^;model_trainer.py^;initiate_model_trainer()^;Best Model Found on Training Dataset GridSearchedBestModel(model_serial_number='module_1', model=SVR(kernel='linear'), best_model=SVR(degree=2, kernel='linear'), best_parameters={'degree': 2, 'kernel': 'linear'}, best_score=0.7217796201699691)
[2025-09-09 21:35:38,600]^;INFO^;78^;model_trainer.py^;initiate_model_trainer()^;Getting list of trained models on train dataset previously by grid search
[2025-09-09 21:35:38,600]^;INFO^;84^;model_trainer.py^;initiate_model_trainer()^;Evaluating all grid searched models on train and test dataset
[2025-09-09 21:35:38,600]^;INFO^;71^;model_factory.py^;evaluate_regression_model()^;>>>>>>>>>>>>>>>>>>>>>>>>>>>>>>>>>>>>>>>>>>>>>>>>>>>>>>>>>>>>Started evaluating model: [LinearRegression] <<<<<<<<<<<<<<<<<<<<<<<<<<<<<<<<<<<<<<<<<<<<<<<<<<<<<<<<<<<<
[2025-09-09 21:35:38,602]^;INFO^;90^;model_factory.py^;evaluate_regression_model()^;>>>>>>>>>>>>>>>>>>>>>>>>>>>>>>>>>>>>>>>>>>>>>>>>>>>>>>>>>>>> Score <<<<<<<<<<<<<<<<<<<<<<<<<<<<<<<<<<<<<<<<<<<<<<<<<<<<<<<<<<<<
[2025-09-09 21:35:38,602]^;INFO^;91^;model_factory.py^;evaluate_regression_model()^;Train Score		 Test Score		 Average Score
[2025-09-09 21:35:38,602]^;INFO^;92^;model_factory.py^;evaluate_regression_model()^;0.7286708581474057		 0.5783834423087393		0.6448869937511832
[2025-09-09 21:35:38,602]^;INFO^;94^;model_factory.py^;evaluate_regression_model()^;>>>>>>>>>>>>>>>>>>>>>>>>>>>>>>>>>>>>>>>>>>>>>>>>>>>>>>>>>>>> Loss <<<<<<<<<<<<<<<<<<<<<<<<<<<<<<<<<<<<<<<<<<<<<<<<<<<<<<<<<<<<
[2025-09-09 21:35:38,602]^;INFO^;95^;model_factory.py^;evaluate_regression_model()^;Diff test train accuracy: [0.15028741583866645].
[2025-09-09 21:35:38,602]^;INFO^;96^;model_factory.py^;evaluate_regression_model()^;Train root mean squared error: [35.87873121654437].
[2025-09-09 21:35:38,602]^;INFO^;97^;model_factory.py^;evaluate_regression_model()^;Test root mean squared error: [26.982898590286478].
[2025-09-09 21:35:38,602]^;INFO^;113^;model_factory.py^;evaluate_regression_model()^;Acceptable model found MetricInfoArtifact(model_name='LinearRegression()', model_object=LinearRegression(), train_rmse=35.87873121654437, test_rmse=26.982898590286478, train_accuracy=0.7286708581474057, test_accuracy=0.5783834423087393, model_accuracy=0.6448869937511832, index_number=0). 
[2025-09-09 21:35:38,602]^;INFO^;71^;model_factory.py^;evaluate_regression_model()^;>>>>>>>>>>>>>>>>>>>>>>>>>>>>>>>>>>>>>>>>>>>>>>>>>>>>>>>>>>>>Started evaluating model: [SVR] <<<<<<<<<<<<<<<<<<<<<<<<<<<<<<<<<<<<<<<<<<<<<<<<<<<<<<<<<<<<
[2025-09-09 21:36:25,843]^;INFO^;90^;model_factory.py^;evaluate_regression_model()^;>>>>>>>>>>>>>>>>>>>>>>>>>>>>>>>>>>>>>>>>>>>>>>>>>>>>>>>>>>>> Score <<<<<<<<<<<<<<<<<<<<<<<<<<<<<<<<<<<<<<<<<<<<<<<<<<<<<<<<<<<<
[2025-09-09 21:36:25,844]^;INFO^;91^;model_factory.py^;evaluate_regression_model()^;Train Score		 Test Score		 Average Score
[2025-09-09 21:36:25,845]^;INFO^;92^;model_factory.py^;evaluate_regression_model()^;0.7168601690284904		 0.6393693687440146		0.6759009754385036
[2025-09-09 21:36:25,845]^;INFO^;94^;model_factory.py^;evaluate_regression_model()^;>>>>>>>>>>>>>>>>>>>>>>>>>>>>>>>>>>>>>>>>>>>>>>>>>>>>>>>>>>>> Loss <<<<<<<<<<<<<<<<<<<<<<<<<<<<<<<<<<<<<<<<<<<<<<<<<<<<<<<<<<<<
[2025-09-09 21:36:25,845]^;INFO^;95^;model_factory.py^;evaluate_regression_model()^;Diff test train accuracy: [0.07749080028447575].
[2025-09-09 21:36:25,845]^;INFO^;96^;model_factory.py^;evaluate_regression_model()^;Train root mean squared error: [36.65129635615266].
[2025-09-09 21:36:25,845]^;INFO^;97^;model_factory.py^;evaluate_regression_model()^;Test root mean squared error: [24.955201340497553].
[2025-09-09 21:36:25,846]^;INFO^;113^;model_factory.py^;evaluate_regression_model()^;Acceptable model found MetricInfoArtifact(model_name="SVR(degree=2, kernel='linear')", model_object=SVR(degree=2, kernel='linear'), train_rmse=36.65129635615266, test_rmse=24.955201340497553, train_accuracy=0.7168601690284904, test_accuracy=0.6393693687440146, model_accuracy=0.6759009754385036, index_number=1). 
[2025-09-09 21:36:25,861]^;INFO^;95^;model_trainer.py^;initiate_model_trainer()^;Saving Turbofan Model at path : C:\Users\senth\NASA-turbofan-ML-Project-AIOPS\Turbofan\artifact\model_trainer\2025-09-09-20-07-40\trained_model\model.pkl
[2025-09-09 21:36:25,917]^;INFO^;108^;model_trainer.py^;initiate_model_trainer()^;Model Trainer Artifact ModelTrainerArtifact(is_trained=True, message='Model Trained Succesfully ', trained_model_file_path='C:\\Users\\senth\\NASA-turbofan-ML-Project-AIOPS\\Turbofan\\artifact\\model_trainer\\2025-09-09-20-07-40\\trained_model\\model.pkl', train_rmse=36.65129635615266, test_rmse=24.955201340497553, train_accuracy=0.7168601690284904, test_accuracy=0.6393693687440146, model_accuracy=0.6759009754385036)
[2025-09-09 21:36:25,919]^;INFO^;136^;configuration.py^;get_model_evaluation_config()^;Model Evaluation Config: ModelEvaluationConfig(model_evaluation_file_path='C:\\Users\\senth\\NASA-turbofan-ML-Project-AIOPS\\Turbofan\\artifact\\model_evaluation\\model_evaluation.yaml', time_stamp='2025-09-09-20-07-40').
[2025-09-09 21:36:25,919]^;INFO^;24^;model_evaluation.py^;__init__()^;Data Evaluation is started 
[2025-09-09 21:36:25,919]^;INFO^;96^;model_evaluation.py^;initiate_model_evaluation()^;Initiating ModelEvaluation 
[2025-09-09 21:36:26,110]^;INFO^;121^;model_evaluation.py^;initiate_model_evaluation()^;Not found any existing model hence we will accept trained model 
[2025-09-09 21:36:26,110]^;INFO^;72^;model_evaluation.py^;update_evaluation_report()^;Previous eval result: {}
[2025-09-09 21:36:26,110]^;INFO^;88^;model_evaluation.py^;update_evaluation_report()^;Updated eval result:{'best_model': {'model_path': 'C:\\Users\\senth\\NASA-turbofan-ML-Project-AIOPS\\Turbofan\\artifact\\model_trainer\\2025-09-09-20-07-40\\trained_model\\model.pkl'}}
[2025-09-09 21:36:26,110]^;INFO^;125^;model_evaluation.py^;initiate_model_evaluation()^;Trained Model is accepted and model eval artifact is ModelEvaluationArtifact(is_model_accepted=True, evaluated_model_path='C:\\Users\\senth\\NASA-turbofan-ML-Project-AIOPS\\Turbofan\\artifact\\model_trainer\\2025-09-09-20-07-40\\trained_model\\model.pkl')
[2025-09-09 21:36:26,110]^;INFO^;168^;model_evaluation.py^;__del__()^;====================Model Evaluation log completed.==================== 
[2025-09-09 21:36:26,121]^;INFO^;149^;configuration.py^;get_model_pusher_config()^;Model pusher config ModelPusherConfig(export_dir_path='C:\\Users\\senth\\NASA-turbofan-ML-Project-AIOPS\\saved_models\\20250909213626')
[2025-09-09 21:36:26,121]^;INFO^;17^;model_pusher.py^;__init__()^;======================================== Model Pusher started ==*20
[2025-09-09 21:36:26,121]^;INFO^;26^;model_pusher.py^;initiate_model_pusher()^;Model pusher initiated 
[2025-09-09 21:36:26,121]^;INFO^;31^;model_pusher.py^;initiate_model_pusher()^;Exporting model file : C:\Users\senth\NASA-turbofan-ML-Project-AIOPS\saved_models\20250909213626\model.pkl
[2025-09-09 21:36:26,131]^;INFO^;35^;model_pusher.py^;initiate_model_pusher()^;Trained model: C:\Users\senth\NASA-turbofan-ML-Project-AIOPS\Turbofan\artifact\model_trainer\2025-09-09-20-07-40\trained_model\model.pkl is copied in export dir:[C:\Users\senth\NASA-turbofan-ML-Project-AIOPS\saved_models\20250909213626\model.pkl]
[2025-09-09 21:36:26,131]^;INFO^;41^;model_pusher.py^;initiate_model_pusher()^;Model pusher artifact: [ModelPusherArtifact(is_model_pusher=True, export_model_file_path='C:\\Users\\senth\\NASA-turbofan-ML-Project-AIOPS\\saved_models\\20250909213626\\model.pkl')]
[2025-09-09 21:36:26,131]^;INFO^;48^;model_pusher.py^;__del__()^;========================================Model Pusher log completed.======================================== 
[2025-09-09 21:36:26,131]^;INFO^;142^;pipeline.py^;run_pipeline()^;Model pusher artifact: ModelPusherArtifact(is_model_pusher=True, export_model_file_path='C:\\Users\\senth\\NASA-turbofan-ML-Project-AIOPS\\saved_models\\20250909213626\\model.pkl')
[2025-09-09 21:36:26,131]^;INFO^;145^;pipeline.py^;run_pipeline()^;Pipeline completed.
[2025-09-09 21:36:26,131]^;INFO^;160^;pipeline.py^;run_pipeline()^;Pipeline experiment: Experiment(experiment_id='bfd7461e-5ec2-46bd-98e9-59a63b5868de', initialization_timestamp='2025-09-09-20-07-40', artifact_time_stamp='2025-09-09-20-07-40', running_status=False, start_time=datetime.datetime(2025, 9, 9, 20, 7, 41, 48682), stop_time=datetime.datetime(2025, 9, 9, 21, 36, 26, 131603), execution_time=datetime.timedelta(seconds=5325, microseconds=82921), message='Pipeline has been completed.', experiment_file_path='C:\\Users\\senth\\NASA-turbofan-ML-Project-AIOPS\\Turbofan\\artifact\\experiment\\experiment.csv', accuracy=0.6759009754385036, is_model_accepted=True)
