[2025-10-12 22:08:10,106]^;INFO^;224^;_internal.py^;_log()^;[31m[1mWARNING: This is a development server. Do not use it in a production deployment. Use a production WSGI server instead.[0m
 * Running on http://127.0.0.1:5000
[2025-10-12 22:08:10,106]^;INFO^;224^;_internal.py^;_log()^;[33mPress CTRL+C to quit[0m
[2025-10-12 22:13:06,618]^;INFO^;163^;configuration.py^;get_training_pipeline_config()^;Training Pipeline Config TrainingPipelineConfig(artifact_dir='C:\\Users\\T8674\\Desktop\\NASA-turbofan-ML-Project-AIOPS\\Turbofan\\artifact')
[2025-10-12 22:13:06,618]^;INFO^;245^;pipeline.py^;__init__()^;Initializing pipeline
[2025-10-12 22:13:06,623]^;INFO^;319^;pipeline.py^;run_pipeline()^;Pipeline starting.
[2025-10-12 22:13:06,623]^;INFO^;335^;pipeline.py^;run_pipeline()^;Pipeline experiment: Experiment(experiment_id='7f936c2a-2a99-4f2f-bb19-25818a500f70', initialization_timestamp='2025-10-12-22-13-06', artifact_time_stamp='2025-10-12-22-13-06', running_status=True, start_time=datetime.datetime(2025, 10, 12, 22, 13, 6, 623458), stop_time=None, execution_time=None, message='Pipeline has been started.', experiment_file_path='C:\\Users\\T8674\\Desktop\\NASA-turbofan-ML-Project-AIOPS\\Turbofan\\artifact\\experiment\\experiment.csv', accuracy=None, is_model_accepted=None)
[2025-10-12 22:13:06,642]^;INFO^;46^;configuration.py^;get_data_ingestion_config()^;data_ingestion_configDataIngestionConfig(download_url_train='https://raw.githubusercontent.com/SenthilmuruganBhaskaran-ship-it/NASA-Turbofan-Project/refs/heads/main/Processed_data/train_FD001.csv', download_url_test='https://raw.githubusercontent.com/SenthilmuruganBhaskaran-ship-it/NASA-Turbofan-Project/refs/heads/main/Processed_data/test_FD001.csv', ingested_train_dir='C:\\Users\\T8674\\Desktop\\NASA-turbofan-ML-Project-AIOPS\\Turbofan\\artifact\\data_ingestion\\2025-10-12-22-13-06\\ingested_data\\train', ingested_test_dir='C:\\Users\\T8674\\Desktop\\NASA-turbofan-ML-Project-AIOPS\\Turbofan\\artifact\\data_ingestion\\2025-10-12-22-13-06\\ingested_data\\test')
[2025-10-12 22:13:06,643]^;INFO^;15^;data_ingestion.py^;__init__()^;========================================Data Ingestion started========================================
[2025-10-12 22:13:06,644]^;INFO^;23^;data_ingestion.py^;download_turbofan_data()^;Downloading Turbofan Dataset 
[2025-10-12 22:13:06,693]^;INFO^;224^;_internal.py^;_log()^;127.0.0.1 - - [12/Oct/2025 22:13:06] "GET /train HTTP/1.1" 200 -
[2025-10-12 22:13:10,738]^;INFO^;163^;configuration.py^;get_training_pipeline_config()^;Training Pipeline Config TrainingPipelineConfig(artifact_dir='C:\\Users\\T8674\\Desktop\\NASA-turbofan-ML-Project-AIOPS\\Turbofan\\artifact')
[2025-10-12 22:13:10,739]^;INFO^;245^;pipeline.py^;__init__()^;Initializing pipeline
[2025-10-12 22:13:10,758]^;INFO^;224^;_internal.py^;_log()^;127.0.0.1 - - [12/Oct/2025 22:13:10] "GET /train HTTP/1.1" 200 -
[2025-10-12 22:13:11,364]^;INFO^;45^;data_ingestion.py^;download_turbofan_data()^;Data Ingestion artifact info DataIngestionArtifact(train_file_path='C:\\Users\\T8674\\Desktop\\NASA-turbofan-ML-Project-AIOPS\\Turbofan\\artifact\\data_ingestion\\2025-10-12-22-13-06\\ingested_data\\train\\train_FD001.csv', test_file_path='C:\\Users\\T8674\\Desktop\\NASA-turbofan-ML-Project-AIOPS\\Turbofan\\artifact\\data_ingestion\\2025-10-12-22-13-06\\ingested_data\\test\\test_FD001.csv', is_ingested=True, message='Data Ingestion Succesfull Completed')
[2025-10-12 22:13:11,364]^;INFO^;20^;data_validation.py^;__init__()^;======================================== Data Validation Started ========================================
[2025-10-12 22:13:11,364]^;INFO^;38^;data_validation.py^;is_train_test_file_exists()^;Checking training and test file exists or not 
[2025-10-12 22:13:11,366]^;INFO^;108^;data_validation.py^;initiate_data_validation()^;Data Validation artifact DataValidationArtifact(schema_file_path='C:\\Users\\T8674\\Desktop\\NASA-turbofan-ML-Project-AIOPS\\config\\schema.yaml', report_file_path='C:\\Users\\T8674\\Desktop\\NASA-turbofan-ML-Project-AIOPS\\Turbofan\\artifact\\data_validation\\2025-10-12-22-13-06\\report.json', report_page_file_path='C:\\Users\\T8674\\Desktop\\NASA-turbofan-ML-Project-AIOPS\\Turbofan\\artifact\\data_validation\\2025-10-12-22-13-06\\report.html', is_validated=True, message='Data Validation succesfull')
[2025-10-12 22:13:11,366]^;INFO^;45^;data_transformation.py^;__init__()^;======================================== Data Transformation Started ========================================
[2025-10-12 22:13:11,368]^;INFO^;90^;data_transformation.py^;initiate_data_transformation()^;Loading dataset as train and test dataframe
[2025-10-12 22:13:11,537]^;INFO^;98^;data_transformation.py^;initiate_data_transformation()^;splitting training and test dataset into x and y features i.e. dependent and independent
[2025-10-12 22:13:11,552]^;INFO^;105^;data_transformation.py^;initiate_data_transformation()^;performing Data Transformation 
[2025-10-12 22:14:16,528]^;INFO^;71^;data_transformation.py^;get_transformation_obj()^;Getting Transformation Obj
[2025-10-12 22:14:16,570]^;INFO^;142^;data_transformation.py^;initiate_data_transformation()^;concating x and y arrays
[2025-10-12 22:14:16,572]^;INFO^;156^;data_transformation.py^;initiate_data_transformation()^;saving transformed train and test files
[2025-10-12 22:14:16,572]^;INFO^;162^;data_transformation.py^;initiate_data_transformation()^;Saving preprocessing object.
[2025-10-12 22:14:16,580]^;INFO^;172^;data_transformation.py^;initiate_data_transformation()^;Data transformationa artifact: DataTransformationArtifact(is_transformed=True, message='Data transformation successfull.', transformed_train_file_path='C:\\Users\\T8674\\Desktop\\NASA-turbofan-ML-Project-AIOPS\\Turbofan\\artifact\\data_transformation\\2025-10-12-22-13-06\\train\\train_FD001.npz', transformed_test_file_path='C:\\Users\\T8674\\Desktop\\NASA-turbofan-ML-Project-AIOPS\\Turbofan\\artifact\\data_transformation\\2025-10-12-22-13-06\\test\\test_FD001.npz', preprocessed_object_file_path='C:\\Users\\T8674\\Desktop\\NASA-turbofan-ML-Project-AIOPS\\Turbofan\\artifact\\data_transformation\\2025-10-12-22-13-06\\preprocessed\\preprocced.pkl')
[2025-10-12 22:14:16,582]^;INFO^;179^;data_transformation.py^;__del__()^;>>>>>>>>>>>>>>>>>>>>>>>>>>>>>>>>>>>>>>>>>>>>>>>>>>>>>>>>>>>>Data Transformation log completed.<<<<<<<<<<<<<<<<<<<<<<<<<<<<<<<<<<<<<<<<<<<<<<<<<<<<<<<<<<<< 


[2025-10-12 22:14:16,582]^;INFO^;38^;model_trainer.py^;__init__()^;======================================== Model Trainer Started ========================================
[2025-10-12 22:14:16,582]^;INFO^;48^;model_trainer.py^;initiate_model_trainer()^;Loading train and test dataset which are transformed previously
[2025-10-12 22:14:16,582]^;INFO^;136^;configuration.py^;get_model_evaluation_config()^;Model Evaluation Config: ModelEvaluationConfig(model_evaluation_file_path='C:\\Users\\T8674\\Desktop\\NASA-turbofan-ML-Project-AIOPS\\Turbofan\\artifact\\model_evaluation\\model_evaluation.yaml', time_stamp='2025-10-12-22-13-06').
[2025-10-12 22:14:16,582]^;INFO^;187^;model_evaluation.py^;__init__()^;==================== Model Evaluation log started. ==================== 
[2025-10-12 22:14:16,602]^;INFO^;248^;model_evaluation.py^;__del__()^;==================== Model Evaluation log completed. ==================== 
